<?xml version="1.0" encoding="UTF-8"?>
<testng-results skipped="0" failed="1" ignored="0" total="1" passed="0">
  <reporter-output>
    <line>
      <![CDATA[kpiforjobtitle]]>
    </line>
  </reporter-output>
  <suite name="Default suite" duration-ms="18397" started-at="2021-05-07T01:34:36 IST" finished-at="2021-05-07T01:34:55 IST">
    <groups>
    </groups>
    <test name="Default test" duration-ms="18397" started-at="2021-05-07T01:34:36 IST" finished-at="2021-05-07T01:34:55 IST">
      <class name="com.orangehrm.testscript.kpimodule">
        <test-method status="PASS" signature="openBrowser()[pri:0, instance:com.orangehrm.testscript.kpimodule@1786dec2]" name="openBrowser" is-config="true" duration-ms="3348" started-at="2021-05-07T01:34:36 IST" finished-at="2021-05-07T01:34:40 IST">
          <reporter-output>
          </reporter-output>
        </test-method> <!-- openBrowser -->
        <test-method status="PASS" signature="login()[pri:0, instance:com.orangehrm.testscript.kpimodule@1786dec2]" name="login" is-config="true" duration-ms="11986" started-at="2021-05-07T01:34:40 IST" finished-at="2021-05-07T01:34:52 IST">
          <reporter-output>
          </reporter-output>
        </test-method> <!-- login -->
        <test-method status="FAIL" signature="testeditorganisation()[pri:0, instance:com.orangehrm.testscript.kpimodule@1786dec2]" name="testeditorganisation" duration-ms="1184" started-at="2021-05-07T01:34:52 IST" finished-at="2021-05-07T01:34:53 IST">
          <exception class="java.lang.IllegalStateException">
            <message>
              <![CDATA[Cannot get a STRING value from a NUMERIC cell]]>
            </message>
            <full-stacktrace>
              <![CDATA[java.lang.IllegalStateException: Cannot get a STRING value from a NUMERIC cell
at org.apache.poi.xssf.usermodel.XSSFCell.typeMismatch(XSSFCell.java:1077)
at org.apache.poi.xssf.usermodel.XSSFCell.getRichStringCellValue(XSSFCell.java:395)
at org.apache.poi.xssf.usermodel.XSSFCell.getStringCellValue(XSSFCell.java:347)
at com.orangehrm.generics.filelib.getExcelValue(filelib.java:24)
at com.orangehrm.testscript.kpimodule.testeditorganisation(kpimodule.java:25)
at sun.reflect.NativeMethodAccessorImpl.invoke0(Native Method)
at sun.reflect.NativeMethodAccessorImpl.invoke(Unknown Source)
at sun.reflect.DelegatingMethodAccessorImpl.invoke(Unknown Source)
at java.lang.reflect.Method.invoke(Unknown Source)
at org.testng.internal.MethodInvocationHelper.invokeMethod(MethodInvocationHelper.java:132)
at org.testng.internal.TestInvoker.invokeMethod(TestInvoker.java:599)
at org.testng.internal.TestInvoker.invokeTestMethod(TestInvoker.java:174)
at org.testng.internal.MethodRunner.runInSequence(MethodRunner.java:46)
at org.testng.internal.TestInvoker$MethodInvocationAgent.invoke(TestInvoker.java:822)
at org.testng.internal.TestInvoker.invokeTestMethods(TestInvoker.java:147)
at org.testng.internal.TestMethodWorker.invokeTestMethods(TestMethodWorker.java:146)
at org.testng.internal.TestMethodWorker.run(TestMethodWorker.java:128)
at java.util.ArrayList.forEach(Unknown Source)
at org.testng.TestRunner.privateRun(TestRunner.java:764)
at org.testng.TestRunner.run(TestRunner.java:585)
at org.testng.SuiteRunner.runTest(SuiteRunner.java:384)
at org.testng.SuiteRunner.runSequentially(SuiteRunner.java:378)
at org.testng.SuiteRunner.privateRun(SuiteRunner.java:337)
at org.testng.SuiteRunner.run(SuiteRunner.java:286)
at org.testng.SuiteRunnerWorker.runSuite(SuiteRunnerWorker.java:53)
at org.testng.SuiteRunnerWorker.run(SuiteRunnerWorker.java:96)
at org.testng.TestNG.runSuitesSequentially(TestNG.java:1218)
at org.testng.TestNG.runSuitesLocally(TestNG.java:1140)
at org.testng.TestNG.runSuites(TestNG.java:1069)
at org.testng.TestNG.run(TestNG.java:1037)
at org.testng.remote.AbstractRemoteTestNG.run(AbstractRemoteTestNG.java:115)
at org.testng.remote.RemoteTestNG.initAndRun(RemoteTestNG.java:251)
at org.testng.remote.RemoteTestNG.main(RemoteTestNG.java:77)
]]>
            </full-stacktrace>
          </exception> <!-- java.lang.IllegalStateException -->
          <reporter-output>
            <line>
              <![CDATA[kpiforjobtitle]]>
            </line>
          </reporter-output>
        </test-method> <!-- testeditorganisation -->
        <test-method status="PASS" signature="logout()[pri:0, instance:com.orangehrm.testscript.kpimodule@1786dec2]" name="logout" is-config="true" duration-ms="1681" started-at="2021-05-07T01:34:53 IST" finished-at="2021-05-07T01:34:55 IST">
          <reporter-output>
          </reporter-output>
        </test-method> <!-- logout -->
        <test-method status="PASS" signature="closebrowser()[pri:0, instance:com.orangehrm.testscript.kpimodule@1786dec2]" name="closebrowser" is-config="true" duration-ms="110" started-at="2021-05-07T01:34:55 IST" finished-at="2021-05-07T01:34:55 IST">
          <reporter-output>
          </reporter-output>
        </test-method> <!-- closebrowser -->
      </class> <!-- com.orangehrm.testscript.kpimodule -->
    </test> <!-- Default test -->
  </suite> <!-- Default suite -->
</testng-results>
