<?xml version="1.0" encoding="UTF-8"?>
<!-- Generated by org.testng.reporters.JUnitXMLReporter -->
<testsuite hostname="anwar" ignored="0" name="testeditorganisation(failed)" tests="1" failures="1" timestamp="2021-02-26T11:47:33 IST" time="1.147" errors="0">
  <testcase name="testeditorganisation" time="1.056" classname="com.orangehrm.testscript.organisationmodule">
    <failure type="java.lang.NullPointerException">
      <![CDATA[java.lang.NullPointerException
at java.util.Objects.requireNonNull(Unknown Source)
at org.openqa.selenium.interactions.Actions.<init>(Actions.java:65)
at com.orangehrm.generics.webdrivercommonlib.mousehover(webdrivercommonlib.java:47)
at com.orangehrm.testscript.organisationmodule.testeditorganisation(organisationmodule.java:25)
at java.util.ArrayList.forEach(Unknown Source)
... Removed 27 stack frames]]>
    </failure>
  </testcase> <!-- testeditorganisation -->
</testsuite> <!-- testeditorganisation(failed) -->
